<?xml version="1.0" encoding="UTF-8"?>
<!-- Generated by org.testng.reporters.JUnitReportReporter -->
<testsuite hostname="Parim" failures="0" tests="2" name="Test.LoginPage" time="14.156" errors="0" timestamp="2024-07-31T16:28:41 PDT" skipped="0">
  <testcase classname="Test.LoginPage" name="bLogin" time="6.263"/>
  <system-out/>
  <testcase classname="Test.LoginPage" name="aLogin" time="7.893"/>
  <system-out/>
</testsuite> <!-- Test.LoginPage -->
