<?xml version="1.0" encoding="UTF-8"?>
<!-- Generated by org.testng.reporters.JUnitReportReporter -->
<testsuite hostname="Parim" failures="0" tests="2" name="Test.LoginPage" time="15.129" errors="0" timestamp="2024-07-31T17:46:29 PDT" skipped="0">
  <testcase classname="Test.LoginPage" name="aLogin" time="6.442"/>
  <system-out/>
  <testcase classname="Test.LoginPage" name="bLogin" time="8.687"/>
  <system-out/>
</testsuite> <!-- Test.LoginPage -->
